2025-02-10 09:20:44,281 - INFO - 最新的编号是: 0
2025-02-10 09:20:44,562 - INFO - 已写入漫画信息到 /home/runner/work/Python-XKCD/Python-XKCD/image/0001.md
2025-02-10 09:20:44,991 - INFO - 已写入漫画信息到 /home/runner/work/Python-XKCD/Python-XKCD/image/0002.md
2025-02-10 09:20:45,820 - INFO - 已写入漫画信息到 /home/runner/work/Python-XKCD/Python-XKCD/image/0003.md
2025-02-10 09:20:46,506 - INFO - 已写入漫画信息到 /home/runner/work/Python-XKCD/Python-XKCD/image/0004.md
2025-02-10 09:20:46,935 - INFO - 已写入漫画信息到 /home/runner/work/Python-XKCD/Python-XKCD/image/0005.md
2025-02-10 09:20:47,448 - INFO - 已写入漫画信息到 /home/runner/work/Python-XKCD/Python-XKCD/image/0006.md
2025-02-10 09:20:48,134 - INFO - 已写入漫画信息到 /home/runner/work/Python-XKCD/Python-XKCD/image/0007.md
2025-02-10 09:20:48,822 - INFO - 已写入漫画信息到 /home/runner/work/Python-XKCD/Python-XKCD/image/0008.md
2025-02-10 09:20:49,506 - INFO - 已写入漫画信息到 /home/runner/work/Python-XKCD/Python-XKCD/image/0009.md
2025-02-10 09:20:49,824 - INFO - 已写入漫画信息到 /home/runner/work/Python-XKCD/Python-XKCD/image/0010.md
2025-02-10 09:20:50,511 - INFO - 已写入漫画信息到 /home/runner/work/Python-XKCD/Python-XKCD/image/0011.md
2025-02-10 09:20:51,199 - INFO - 已写入漫画信息到 /home/runner/work/Python-XKCD/Python-XKCD/image/0012.md
2025-02-10 09:20:51,884 - INFO - 已写入漫画信息到 /home/runner/work/Python-XKCD/Python-XKCD/image/0013.md
2025-02-10 09:20:52,569 - INFO - 已写入漫画信息到 /home/runner/work/Python-XKCD/Python-XKCD/image/0014.md
2025-02-10 09:20:53,255 - INFO - 已写入漫画信息到 /home/runner/work/Python-XKCD/Python-XKCD/image/0015.md
2025-02-10 09:20:53,942 - INFO - 已写入漫画信息到 /home/runner/work/Python-XKCD/Python-XKCD/image/0016.md
2025-02-10 09:20:54,193 - INFO - 已移动: 0001.md 到 /home/runner/work/Python-XKCD/Python-XKCD/image/0001-1000/0001-0100/0001-0010
2025-02-10 09:20:54,193 - INFO - 已移动: 0002.md 到 /home/runner/work/Python-XKCD/Python-XKCD/image/0001-1000/0001-0100/0001-0010
2025-02-10 09:20:54,193 - INFO - 已移动: 0003.md 到 /home/runner/work/Python-XKCD/Python-XKCD/image/0001-1000/0001-0100/0001-0010
2025-02-10 09:20:54,194 - INFO - 已移动: 0004.md 到 /home/runner/work/Python-XKCD/Python-XKCD/image/0001-1000/0001-0100/0001-0010
2025-02-10 09:20:54,194 - INFO - 已移动: 0005.md 到 /home/runner/work/Python-XKCD/Python-XKCD/image/0001-1000/0001-0100/0001-0010
2025-02-10 09:20:54,194 - INFO - 已移动: 0006.md 到 /home/runner/work/Python-XKCD/Python-XKCD/image/0001-1000/0001-0100/0001-0010
2025-02-10 09:20:54,194 - INFO - 已移动: 0007.md 到 /home/runner/work/Python-XKCD/Python-XKCD/image/0001-1000/0001-0100/0001-0010
2025-02-10 09:20:54,194 - INFO - 已移动: 0008.md 到 /home/runner/work/Python-XKCD/Python-XKCD/image/0001-1000/0001-0100/0001-0010
2025-02-10 09:20:54,195 - INFO - 已移动: 0009.md 到 /home/runner/work/Python-XKCD/Python-XKCD/image/0001-1000/0001-0100/0001-0010
2025-02-10 09:20:54,195 - INFO - 已移动: 0010.md 到 /home/runner/work/Python-XKCD/Python-XKCD/image/0001-1000/0001-0100/0001-0010
2025-02-10 09:20:54,195 - INFO - 已移动: 0011.md 到 /home/runner/work/Python-XKCD/Python-XKCD/image/0001-1000/0001-0100/0011-0020
2025-02-10 09:20:54,195 - INFO - 已移动: 0012.md 到 /home/runner/work/Python-XKCD/Python-XKCD/image/0001-1000/0001-0100/0011-0020
2025-02-10 09:20:54,195 - INFO - 已移动: 0013.md 到 /home/runner/work/Python-XKCD/Python-XKCD/image/0001-1000/0001-0100/0011-0020
2025-02-10 09:20:54,195 - INFO - 已移动: 0014.md 到 /home/runner/work/Python-XKCD/Python-XKCD/image/0001-1000/0001-0100/0011-0020
2025-02-10 09:20:54,196 - INFO - 已移动: 0015.md 到 /home/runner/work/Python-XKCD/Python-XKCD/image/0001-1000/0001-0100/0011-0020
2025-02-10 09:20:54,196 - INFO - 已移动: 0016.md 到 /home/runner/work/Python-XKCD/Python-XKCD/image/0001-1000/0001-0100/0011-0020
2025-02-10 09:20:54,196 - INFO - 已生成 README.md
2025-02-10 09:48:04,455 - INFO - 最新的编号是: 16
2025-02-10 09:48:04,857 - INFO - 已写入漫画信息到 /home/runner/work/Python-XKCD/Python-XKCD/image/0017.md
2025-02-10 09:48:05,207 - INFO - 已写入漫画信息到 /home/runner/work/Python-XKCD/Python-XKCD/image/0018.md
2025-02-10 09:48:05,557 - INFO - 已写入漫画信息到 /home/runner/work/Python-XKCD/Python-XKCD/image/0019.md
2025-02-10 09:48:05,902 - INFO - 已写入漫画信息到 /home/runner/work/Python-XKCD/Python-XKCD/image/0020.md
2025-02-10 09:48:06,256 - INFO - 已写入漫画信息到 /home/runner/work/Python-XKCD/Python-XKCD/image/0021.md
2025-02-10 09:48:06,606 - INFO - 已写入漫画信息到 /home/runner/work/Python-XKCD/Python-XKCD/image/0022.md
2025-02-10 09:48:06,952 - INFO - 已写入漫画信息到 /home/runner/work/Python-XKCD/Python-XKCD/image/0023.md
2025-02-10 09:48:07,295 - INFO - 已写入漫画信息到 /home/runner/work/Python-XKCD/Python-XKCD/image/0024.md
2025-02-10 09:48:07,823 - INFO - 已写入漫画信息到 /home/runner/work/Python-XKCD/Python-XKCD/image/0025.md
2025-02-10 09:48:08,178 - INFO - 已写入漫画信息到 /home/runner/work/Python-XKCD/Python-XKCD/image/0026.md
2025-02-10 09:48:08,705 - INFO - 已写入漫画信息到 /home/runner/work/Python-XKCD/Python-XKCD/image/0027.md
2025-02-10 09:48:08,994 - INFO - 已写入漫画信息到 /home/runner/work/Python-XKCD/Python-XKCD/image/0028.md
2025-02-10 09:48:09,347 - INFO - 已写入漫画信息到 /home/runner/work/Python-XKCD/Python-XKCD/image/0029.md
2025-02-10 09:48:09,691 - INFO - 已写入漫画信息到 /home/runner/work/Python-XKCD/Python-XKCD/image/0030.md
2025-02-10 09:48:10,220 - INFO - 已写入漫画信息到 /home/runner/work/Python-XKCD/Python-XKCD/image/0031.md
2025-02-10 09:48:10,514 - INFO - 已写入漫画信息到 /home/runner/work/Python-XKCD/Python-XKCD/image/0032.md
2025-02-10 09:48:10,765 - INFO - 已移动: 0017.md 到 /home/runner/work/Python-XKCD/Python-XKCD/image/0001-1000/0001-0100/0011-0020
2025-02-10 09:48:10,765 - INFO - 已移动: 0018.md 到 /home/runner/work/Python-XKCD/Python-XKCD/image/0001-1000/0001-0100/0011-0020
2025-02-10 09:48:10,765 - INFO - 已移动: 0019.md 到 /home/runner/work/Python-XKCD/Python-XKCD/image/0001-1000/0001-0100/0011-0020
2025-02-10 09:48:10,765 - INFO - 已移动: 0020.md 到 /home/runner/work/Python-XKCD/Python-XKCD/image/0001-1000/0001-0100/0011-0020
2025-02-10 09:48:10,766 - INFO - 已移动: 0021.md 到 /home/runner/work/Python-XKCD/Python-XKCD/image/0001-1000/0001-0100/0021-0030
2025-02-10 09:48:10,766 - INFO - 已移动: 0022.md 到 /home/runner/work/Python-XKCD/Python-XKCD/image/0001-1000/0001-0100/0021-0030
2025-02-10 09:48:10,766 - INFO - 已移动: 0023.md 到 /home/runner/work/Python-XKCD/Python-XKCD/image/0001-1000/0001-0100/0021-0030
2025-02-10 09:48:10,766 - INFO - 已移动: 0024.md 到 /home/runner/work/Python-XKCD/Python-XKCD/image/0001-1000/0001-0100/0021-0030
2025-02-10 09:48:10,767 - INFO - 已移动: 0025.md 到 /home/runner/work/Python-XKCD/Python-XKCD/image/0001-1000/0001-0100/0021-0030
2025-02-10 09:48:10,767 - INFO - 已移动: 0026.md 到 /home/runner/work/Python-XKCD/Python-XKCD/image/0001-1000/0001-0100/0021-0030
2025-02-10 09:48:10,767 - INFO - 已移动: 0027.md 到 /home/runner/work/Python-XKCD/Python-XKCD/image/0001-1000/0001-0100/0021-0030
2025-02-10 09:48:10,767 - INFO - 已移动: 0028.md 到 /home/runner/work/Python-XKCD/Python-XKCD/image/0001-1000/0001-0100/0021-0030
2025-02-10 09:48:10,767 - INFO - 已移动: 0029.md 到 /home/runner/work/Python-XKCD/Python-XKCD/image/0001-1000/0001-0100/0021-0030
2025-02-10 09:48:10,768 - INFO - 已移动: 0030.md 到 /home/runner/work/Python-XKCD/Python-XKCD/image/0001-1000/0001-0100/0021-0030
2025-02-10 09:48:10,768 - INFO - 已移动: 0031.md 到 /home/runner/work/Python-XKCD/Python-XKCD/image/0001-1000/0001-0100/0031-0040
2025-02-10 09:48:10,768 - INFO - 已移动: 0032.md 到 /home/runner/work/Python-XKCD/Python-XKCD/image/0001-1000/0001-0100/0031-0040
2025-02-10 09:48:10,768 - INFO - 已生成 README.md
2025-02-10 16:26:40,669 - INFO - 最新的编号是: 32
2025-02-10 16:26:40,732 - INFO - 已写入漫画信息到 /home/runner/work/Python-XKCD/Python-XKCD/image/0033.md
2025-02-10 16:26:40,995 - INFO - 已写入漫画信息到 /home/runner/work/Python-XKCD/Python-XKCD/image/0034.md
2025-02-10 16:26:41,264 - INFO - 已写入漫画信息到 /home/runner/work/Python-XKCD/Python-XKCD/image/0035.md
2025-02-10 16:26:41,526 - INFO - 已写入漫画信息到 /home/runner/work/Python-XKCD/Python-XKCD/image/0036.md
2025-02-10 16:26:41,787 - INFO - 已写入漫画信息到 /home/runner/work/Python-XKCD/Python-XKCD/image/0037.md
2025-02-10 16:26:42,049 - INFO - 已写入漫画信息到 /home/runner/work/Python-XKCD/Python-XKCD/image/0038.md
2025-02-10 16:26:42,315 - INFO - 已写入漫画信息到 /home/runner/work/Python-XKCD/Python-XKCD/image/0039.md
2025-02-10 16:26:42,576 - INFO - 已写入漫画信息到 /home/runner/work/Python-XKCD/Python-XKCD/image/0040.md
2025-02-10 16:26:42,840 - INFO - 已写入漫画信息到 /home/runner/work/Python-XKCD/Python-XKCD/image/0041.md
2025-02-10 16:26:43,100 - INFO - 已写入漫画信息到 /home/runner/work/Python-XKCD/Python-XKCD/image/0042.md
2025-02-10 16:26:43,361 - INFO - 已写入漫画信息到 /home/runner/work/Python-XKCD/Python-XKCD/image/0043.md
2025-02-10 16:26:43,624 - INFO - 已写入漫画信息到 /home/runner/work/Python-XKCD/Python-XKCD/image/0044.md
2025-02-10 16:26:43,889 - INFO - 已写入漫画信息到 /home/runner/work/Python-XKCD/Python-XKCD/image/0045.md
2025-02-10 16:26:44,154 - INFO - 已写入漫画信息到 /home/runner/work/Python-XKCD/Python-XKCD/image/0046.md
2025-02-10 16:26:44,420 - INFO - 已写入漫画信息到 /home/runner/work/Python-XKCD/Python-XKCD/image/0047.md
2025-02-10 16:26:44,684 - INFO - 已写入漫画信息到 /home/runner/work/Python-XKCD/Python-XKCD/image/0048.md
2025-02-10 16:26:44,934 - INFO - 已移动: 0033.md 到 /home/runner/work/Python-XKCD/Python-XKCD/image/0001-1000/0001-0100/0031-0040
2025-02-10 16:26:44,935 - INFO - 已移动: 0034.md 到 /home/runner/work/Python-XKCD/Python-XKCD/image/0001-1000/0001-0100/0031-0040
2025-02-10 16:26:44,935 - INFO - 已移动: 0035.md 到 /home/runner/work/Python-XKCD/Python-XKCD/image/0001-1000/0001-0100/0031-0040
2025-02-10 16:26:44,935 - INFO - 已移动: 0036.md 到 /home/runner/work/Python-XKCD/Python-XKCD/image/0001-1000/0001-0100/0031-0040
2025-02-10 16:26:44,935 - INFO - 已移动: 0037.md 到 /home/runner/work/Python-XKCD/Python-XKCD/image/0001-1000/0001-0100/0031-0040
2025-02-10 16:26:44,936 - INFO - 已移动: 0038.md 到 /home/runner/work/Python-XKCD/Python-XKCD/image/0001-1000/0001-0100/0031-0040
2025-02-10 16:26:44,936 - INFO - 已移动: 0039.md 到 /home/runner/work/Python-XKCD/Python-XKCD/image/0001-1000/0001-0100/0031-0040
2025-02-10 16:26:44,936 - INFO - 已移动: 0040.md 到 /home/runner/work/Python-XKCD/Python-XKCD/image/0001-1000/0001-0100/0031-0040
2025-02-10 16:26:44,936 - INFO - 已移动: 0041.md 到 /home/runner/work/Python-XKCD/Python-XKCD/image/0001-1000/0001-0100/0041-0050
2025-02-10 16:26:44,936 - INFO - 已移动: 0042.md 到 /home/runner/work/Python-XKCD/Python-XKCD/image/0001-1000/0001-0100/0041-0050
2025-02-10 16:26:44,937 - INFO - 已移动: 0043.md 到 /home/runner/work/Python-XKCD/Python-XKCD/image/0001-1000/0001-0100/0041-0050
2025-02-10 16:26:44,937 - INFO - 已移动: 0044.md 到 /home/runner/work/Python-XKCD/Python-XKCD/image/0001-1000/0001-0100/0041-0050
2025-02-10 16:26:44,937 - INFO - 已移动: 0045.md 到 /home/runner/work/Python-XKCD/Python-XKCD/image/0001-1000/0001-0100/0041-0050
2025-02-10 16:26:44,937 - INFO - 已移动: 0046.md 到 /home/runner/work/Python-XKCD/Python-XKCD/image/0001-1000/0001-0100/0041-0050
2025-02-10 16:26:44,937 - INFO - 已移动: 0047.md 到 /home/runner/work/Python-XKCD/Python-XKCD/image/0001-1000/0001-0100/0041-0050
2025-02-10 16:26:44,937 - INFO - 已移动: 0048.md 到 /home/runner/work/Python-XKCD/Python-XKCD/image/0001-1000/0001-0100/0041-0050
2025-02-10 16:26:44,938 - INFO - 已生成 README.md
2025-02-11 01:40:21,306 - INFO - 最新的编号是: 48
2025-02-11 01:40:21,527 - INFO - 已写入漫画信息到 /home/runner/work/Python-XKCD/Python-XKCD/image/0049.md
2025-02-11 01:40:22,214 - INFO - 已写入漫画信息到 /home/runner/work/Python-XKCD/Python-XKCD/image/0050.md
2025-02-11 01:40:22,538 - INFO - 已写入漫画信息到 /home/runner/work/Python-XKCD/Python-XKCD/image/0051.md
2025-02-11 01:40:23,226 - INFO - 已写入漫画信息到 /home/runner/work/Python-XKCD/Python-XKCD/image/0052.md
2025-02-11 01:40:23,677 - INFO - 已写入漫画信息到 /home/runner/work/Python-XKCD/Python-XKCD/image/0053.md
2025-02-11 01:40:24,127 - INFO - 已写入漫画信息到 /home/runner/work/Python-XKCD/Python-XKCD/image/0054.md
2025-02-11 01:40:24,578 - INFO - 已写入漫画信息到 /home/runner/work/Python-XKCD/Python-XKCD/image/0055.md
2025-02-11 01:40:25,410 - INFO - 已写入漫画信息到 /home/runner/work/Python-XKCD/Python-XKCD/image/0056.md
2025-02-11 01:40:26,098 - INFO - 已写入漫画信息到 /home/runner/work/Python-XKCD/Python-XKCD/image/0057.md
2025-02-11 01:40:26,416 - INFO - 已写入漫画信息到 /home/runner/work/Python-XKCD/Python-XKCD/image/0058.md
2025-02-11 01:40:27,103 - INFO - 已写入漫画信息到 /home/runner/work/Python-XKCD/Python-XKCD/image/0059.md
2025-02-11 01:40:27,789 - INFO - 已写入漫画信息到 /home/runner/work/Python-XKCD/Python-XKCD/image/0060.md
2025-02-11 01:40:28,252 - INFO - 已写入漫画信息到 /home/runner/work/Python-XKCD/Python-XKCD/image/0061.md
2025-02-11 01:40:28,582 - INFO - 已写入漫画信息到 /home/runner/work/Python-XKCD/Python-XKCD/image/0062.md
2025-02-11 01:40:28,900 - INFO - 已写入漫画信息到 /home/runner/work/Python-XKCD/Python-XKCD/image/0063.md
2025-02-11 01:40:29,586 - INFO - 已写入漫画信息到 /home/runner/work/Python-XKCD/Python-XKCD/image/0064.md
2025-02-11 01:40:29,837 - INFO - 已移动: 0049.md 到 /home/runner/work/Python-XKCD/Python-XKCD/image/0001-1000/0001-0100/0041-0050
2025-02-11 01:40:29,837 - INFO - 已移动: 0050.md 到 /home/runner/work/Python-XKCD/Python-XKCD/image/0001-1000/0001-0100/0041-0050
2025-02-11 01:40:29,838 - INFO - 已移动: 0051.md 到 /home/runner/work/Python-XKCD/Python-XKCD/image/0001-1000/0001-0100/0051-0060
2025-02-11 01:40:29,838 - INFO - 已移动: 0052.md 到 /home/runner/work/Python-XKCD/Python-XKCD/image/0001-1000/0001-0100/0051-0060
2025-02-11 01:40:29,838 - INFO - 已移动: 0053.md 到 /home/runner/work/Python-XKCD/Python-XKCD/image/0001-1000/0001-0100/0051-0060
2025-02-11 01:40:29,838 - INFO - 已移动: 0054.md 到 /home/runner/work/Python-XKCD/Python-XKCD/image/0001-1000/0001-0100/0051-0060
2025-02-11 01:40:29,838 - INFO - 已移动: 0055.md 到 /home/runner/work/Python-XKCD/Python-XKCD/image/0001-1000/0001-0100/0051-0060
2025-02-11 01:40:29,839 - INFO - 已移动: 0056.md 到 /home/runner/work/Python-XKCD/Python-XKCD/image/0001-1000/0001-0100/0051-0060
2025-02-11 01:40:29,839 - INFO - 已移动: 0057.md 到 /home/runner/work/Python-XKCD/Python-XKCD/image/0001-1000/0001-0100/0051-0060
2025-02-11 01:40:29,839 - INFO - 已移动: 0058.md 到 /home/runner/work/Python-XKCD/Python-XKCD/image/0001-1000/0001-0100/0051-0060
2025-02-11 01:40:29,839 - INFO - 已移动: 0059.md 到 /home/runner/work/Python-XKCD/Python-XKCD/image/0001-1000/0001-0100/0051-0060
2025-02-11 01:40:29,839 - INFO - 已移动: 0060.md 到 /home/runner/work/Python-XKCD/Python-XKCD/image/0001-1000/0001-0100/0051-0060
2025-02-11 01:40:29,839 - INFO - 已移动: 0061.md 到 /home/runner/work/Python-XKCD/Python-XKCD/image/0001-1000/0001-0100/0061-0070
2025-02-11 01:40:29,840 - INFO - 已移动: 0062.md 到 /home/runner/work/Python-XKCD/Python-XKCD/image/0001-1000/0001-0100/0061-0070
2025-02-11 01:40:29,840 - INFO - 已移动: 0063.md 到 /home/runner/work/Python-XKCD/Python-XKCD/image/0001-1000/0001-0100/0061-0070
2025-02-11 01:40:29,840 - INFO - 已移动: 0064.md 到 /home/runner/work/Python-XKCD/Python-XKCD/image/0001-1000/0001-0100/0061-0070
2025-02-11 01:40:29,840 - INFO - 已生成 README.md
2025-02-11 02:58:02,165 - INFO - 最新的编号是: 64
2025-02-11 02:58:02,759 - INFO - 已写入漫画信息到 /home/runner/work/Python-XKCD/Python-XKCD/image/0065.md
2025-02-11 02:58:03,085 - INFO - 已写入漫画信息到 /home/runner/work/Python-XKCD/Python-XKCD/image/0066.md
2025-02-11 02:58:03,549 - INFO - 已写入漫画信息到 /home/runner/work/Python-XKCD/Python-XKCD/image/0067.md
2025-02-11 02:58:04,241 - INFO - 已写入漫画信息到 /home/runner/work/Python-XKCD/Python-XKCD/image/0068.md
2025-02-11 02:58:04,568 - INFO - 已写入漫画信息到 /home/runner/work/Python-XKCD/Python-XKCD/image/0069.md
2025-02-11 02:58:04,974 - INFO - 已写入漫画信息到 /home/runner/work/Python-XKCD/Python-XKCD/image/0070.md
2025-02-11 02:58:05,317 - INFO - 已写入漫画信息到 /home/runner/work/Python-XKCD/Python-XKCD/image/0071.md
2025-02-11 02:58:05,771 - INFO - 已写入漫画信息到 /home/runner/work/Python-XKCD/Python-XKCD/image/0072.md
2025-02-11 02:58:06,102 - INFO - 已写入漫画信息到 /home/runner/work/Python-XKCD/Python-XKCD/image/0073.md
2025-02-11 02:58:06,554 - INFO - 已写入漫画信息到 /home/runner/work/Python-XKCD/Python-XKCD/image/0074.md
2025-02-11 02:58:07,072 - INFO - 已写入漫画信息到 /home/runner/work/Python-XKCD/Python-XKCD/image/0075.md
2025-02-11 02:58:07,757 - INFO - 已写入漫画信息到 /home/runner/work/Python-XKCD/Python-XKCD/image/0076.md
2025-02-11 02:58:08,215 - INFO - 已写入漫画信息到 /home/runner/work/Python-XKCD/Python-XKCD/image/0077.md
2025-02-11 02:58:08,901 - INFO - 已写入漫画信息到 /home/runner/work/Python-XKCD/Python-XKCD/image/0078.md
2025-02-11 02:58:09,365 - INFO - 已写入漫画信息到 /home/runner/work/Python-XKCD/Python-XKCD/image/0079.md
2025-02-11 02:58:10,055 - INFO - 已写入漫画信息到 /home/runner/work/Python-XKCD/Python-XKCD/image/0080.md
2025-02-11 02:58:10,458 - INFO - 已写入漫画信息到 /home/runner/work/Python-XKCD/Python-XKCD/image/0081.md
2025-02-11 02:58:11,146 - INFO - 已写入漫画信息到 /home/runner/work/Python-XKCD/Python-XKCD/image/0082.md
2025-02-11 02:58:11,469 - INFO - 已写入漫画信息到 /home/runner/work/Python-XKCD/Python-XKCD/image/0083.md
2025-02-11 02:58:11,977 - INFO - 已写入漫画信息到 /home/runner/work/Python-XKCD/Python-XKCD/image/0084.md
2025-02-11 02:58:12,383 - INFO - 已写入漫画信息到 /home/runner/work/Python-XKCD/Python-XKCD/image/0085.md
2025-02-11 02:58:12,706 - INFO - 已写入漫画信息到 /home/runner/work/Python-XKCD/Python-XKCD/image/0086.md
2025-02-11 02:58:13,036 - INFO - 已写入漫画信息到 /home/runner/work/Python-XKCD/Python-XKCD/image/0087.md
2025-02-11 02:58:13,504 - INFO - 已写入漫画信息到 /home/runner/work/Python-XKCD/Python-XKCD/image/0088.md
2025-02-11 02:58:13,834 - INFO - 已写入漫画信息到 /home/runner/work/Python-XKCD/Python-XKCD/image/0089.md
2025-02-11 02:58:14,527 - INFO - 已写入漫画信息到 /home/runner/work/Python-XKCD/Python-XKCD/image/0090.md
2025-02-11 02:58:14,983 - INFO - 已写入漫画信息到 /home/runner/work/Python-XKCD/Python-XKCD/image/0091.md
2025-02-11 02:58:15,386 - INFO - 已写入漫画信息到 /home/runner/work/Python-XKCD/Python-XKCD/image/0092.md
2025-02-11 02:58:15,834 - INFO - 已写入漫画信息到 /home/runner/work/Python-XKCD/Python-XKCD/image/0093.md
2025-02-11 02:58:16,299 - INFO - 已写入漫画信息到 /home/runner/work/Python-XKCD/Python-XKCD/image/0094.md
2025-02-11 02:58:16,760 - INFO - 已写入漫画信息到 /home/runner/work/Python-XKCD/Python-XKCD/image/0095.md
2025-02-11 02:58:17,100 - INFO - 已写入漫画信息到 /home/runner/work/Python-XKCD/Python-XKCD/image/0096.md
2025-02-11 02:58:17,351 - INFO - 已移动: 0065.md 到 /home/runner/work/Python-XKCD/Python-XKCD/image/0001-1000/0001-0100/0061-0070
2025-02-11 02:58:17,351 - INFO - 已移动: 0066.md 到 /home/runner/work/Python-XKCD/Python-XKCD/image/0001-1000/0001-0100/0061-0070
2025-02-11 02:58:17,352 - INFO - 已移动: 0067.md 到 /home/runner/work/Python-XKCD/Python-XKCD/image/0001-1000/0001-0100/0061-0070
2025-02-11 02:58:17,352 - INFO - 已移动: 0068.md 到 /home/runner/work/Python-XKCD/Python-XKCD/image/0001-1000/0001-0100/0061-0070
2025-02-11 02:58:17,352 - INFO - 已移动: 0069.md 到 /home/runner/work/Python-XKCD/Python-XKCD/image/0001-1000/0001-0100/0061-0070
2025-02-11 02:58:17,352 - INFO - 已移动: 0070.md 到 /home/runner/work/Python-XKCD/Python-XKCD/image/0001-1000/0001-0100/0061-0070
2025-02-11 02:58:17,352 - INFO - 已移动: 0071.md 到 /home/runner/work/Python-XKCD/Python-XKCD/image/0001-1000/0001-0100/0071-0080
2025-02-11 02:58:17,352 - INFO - 已移动: 0072.md 到 /home/runner/work/Python-XKCD/Python-XKCD/image/0001-1000/0001-0100/0071-0080
2025-02-11 02:58:17,353 - INFO - 已移动: 0073.md 到 /home/runner/work/Python-XKCD/Python-XKCD/image/0001-1000/0001-0100/0071-0080
2025-02-11 02:58:17,353 - INFO - 已移动: 0074.md 到 /home/runner/work/Python-XKCD/Python-XKCD/image/0001-1000/0001-0100/0071-0080
2025-02-11 02:58:17,353 - INFO - 已移动: 0075.md 到 /home/runner/work/Python-XKCD/Python-XKCD/image/0001-1000/0001-0100/0071-0080
2025-02-11 02:58:17,353 - INFO - 已移动: 0076.md 到 /home/runner/work/Python-XKCD/Python-XKCD/image/0001-1000/0001-0100/0071-0080
2025-02-11 02:58:17,353 - INFO - 已移动: 0077.md 到 /home/runner/work/Python-XKCD/Python-XKCD/image/0001-1000/0001-0100/0071-0080
2025-02-11 02:58:17,353 - INFO - 已移动: 0078.md 到 /home/runner/work/Python-XKCD/Python-XKCD/image/0001-1000/0001-0100/0071-0080
2025-02-11 02:58:17,354 - INFO - 已移动: 0079.md 到 /home/runner/work/Python-XKCD/Python-XKCD/image/0001-1000/0001-0100/0071-0080
2025-02-11 02:58:17,354 - INFO - 已移动: 0080.md 到 /home/runner/work/Python-XKCD/Python-XKCD/image/0001-1000/0001-0100/0071-0080
2025-02-11 02:58:17,354 - INFO - 已移动: 0081.md 到 /home/runner/work/Python-XKCD/Python-XKCD/image/0001-1000/0001-0100/0081-0090
2025-02-11 02:58:17,354 - INFO - 已移动: 0082.md 到 /home/runner/work/Python-XKCD/Python-XKCD/image/0001-1000/0001-0100/0081-0090
2025-02-11 02:58:17,354 - INFO - 已移动: 0083.md 到 /home/runner/work/Python-XKCD/Python-XKCD/image/0001-1000/0001-0100/0081-0090
2025-02-11 02:58:17,354 - INFO - 已移动: 0084.md 到 /home/runner/work/Python-XKCD/Python-XKCD/image/0001-1000/0001-0100/0081-0090
2025-02-11 02:58:17,355 - INFO - 已移动: 0085.md 到 /home/runner/work/Python-XKCD/Python-XKCD/image/0001-1000/0001-0100/0081-0090
2025-02-11 02:58:17,355 - INFO - 已移动: 0086.md 到 /home/runner/work/Python-XKCD/Python-XKCD/image/0001-1000/0001-0100/0081-0090
2025-02-11 02:58:17,355 - INFO - 已移动: 0087.md 到 /home/runner/work/Python-XKCD/Python-XKCD/image/0001-1000/0001-0100/0081-0090
2025-02-11 02:58:17,355 - INFO - 已移动: 0088.md 到 /home/runner/work/Python-XKCD/Python-XKCD/image/0001-1000/0001-0100/0081-0090
2025-02-11 02:58:17,355 - INFO - 已移动: 0089.md 到 /home/runner/work/Python-XKCD/Python-XKCD/image/0001-1000/0001-0100/0081-0090
2025-02-11 02:58:17,355 - INFO - 已移动: 0090.md 到 /home/runner/work/Python-XKCD/Python-XKCD/image/0001-1000/0001-0100/0081-0090
2025-02-11 02:58:17,356 - INFO - 已移动: 0091.md 到 /home/runner/work/Python-XKCD/Python-XKCD/image/0001-1000/0001-0100/0091-0100
2025-02-11 02:58:17,356 - INFO - 已移动: 0092.md 到 /home/runner/work/Python-XKCD/Python-XKCD/image/0001-1000/0001-0100/0091-0100
2025-02-11 02:58:17,356 - INFO - 已移动: 0093.md 到 /home/runner/work/Python-XKCD/Python-XKCD/image/0001-1000/0001-0100/0091-0100
2025-02-11 02:58:17,356 - INFO - 已移动: 0094.md 到 /home/runner/work/Python-XKCD/Python-XKCD/image/0001-1000/0001-0100/0091-0100
2025-02-11 02:58:17,356 - INFO - 已移动: 0095.md 到 /home/runner/work/Python-XKCD/Python-XKCD/image/0001-1000/0001-0100/0091-0100
2025-02-11 02:58:17,356 - INFO - 已移动: 0096.md 到 /home/runner/work/Python-XKCD/Python-XKCD/image/0001-1000/0001-0100/0091-0100
2025-02-11 02:58:17,357 - INFO - 已生成 README.md
2025-02-11 03:00:21,526 - INFO - 最新的编号是: 96
2025-02-11 03:00:21,712 - INFO - 已写入漫画信息到 /home/runner/work/Python-XKCD/Python-XKCD/image/0097.md
2025-02-11 03:00:22,044 - INFO - 已写入漫画信息到 /home/runner/work/Python-XKCD/Python-XKCD/image/0098.md
2025-02-11 03:00:22,373 - INFO - 已写入漫画信息到 /home/runner/work/Python-XKCD/Python-XKCD/image/0099.md
2025-02-11 03:00:22,823 - INFO - 已写入漫画信息到 /home/runner/work/Python-XKCD/Python-XKCD/image/0100.md
2025-02-11 03:00:23,512 - INFO - 已写入漫画信息到 /home/runner/work/Python-XKCD/Python-XKCD/image/0101.md
2025-02-11 03:00:23,963 - INFO - 已写入漫画信息到 /home/runner/work/Python-XKCD/Python-XKCD/image/0102.md
2025-02-11 03:00:24,292 - INFO - 已写入漫画信息到 /home/runner/work/Python-XKCD/Python-XKCD/image/0103.md
2025-02-11 03:00:24,981 - INFO - 已写入漫画信息到 /home/runner/work/Python-XKCD/Python-XKCD/image/0104.md
2025-02-11 03:00:25,381 - INFO - 已写入漫画信息到 /home/runner/work/Python-XKCD/Python-XKCD/image/0105.md
2025-02-11 03:00:26,069 - INFO - 已写入漫画信息到 /home/runner/work/Python-XKCD/Python-XKCD/image/0106.md
2025-02-11 03:00:26,759 - INFO - 已写入漫画信息到 /home/runner/work/Python-XKCD/Python-XKCD/image/0107.md
2025-02-11 03:00:27,224 - INFO - 已写入漫画信息到 /home/runner/work/Python-XKCD/Python-XKCD/image/0108.md
2025-02-11 03:00:27,628 - INFO - 已写入漫画信息到 /home/runner/work/Python-XKCD/Python-XKCD/image/0109.md
2025-02-11 03:00:27,956 - INFO - 已写入漫画信息到 /home/runner/work/Python-XKCD/Python-XKCD/image/0110.md
2025-02-11 03:00:28,359 - INFO - 已写入漫画信息到 /home/runner/work/Python-XKCD/Python-XKCD/image/0111.md
2025-02-11 03:00:28,701 - INFO - 已写入漫画信息到 /home/runner/work/Python-XKCD/Python-XKCD/image/0112.md
2025-02-11 03:00:29,026 - INFO - 已写入漫画信息到 /home/runner/work/Python-XKCD/Python-XKCD/image/0113.md
2025-02-11 03:00:29,714 - INFO - 已写入漫画信息到 /home/runner/work/Python-XKCD/Python-XKCD/image/0114.md
2025-02-11 03:00:30,230 - INFO - 已写入漫画信息到 /home/runner/work/Python-XKCD/Python-XKCD/image/0115.md
2025-02-11 03:00:30,553 - INFO - 已写入漫画信息到 /home/runner/work/Python-XKCD/Python-XKCD/image/0116.md
2025-02-11 03:00:30,993 - INFO - 已写入漫画信息到 /home/runner/work/Python-XKCD/Python-XKCD/image/0117.md
2025-02-11 03:00:31,322 - INFO - 已写入漫画信息到 /home/runner/work/Python-XKCD/Python-XKCD/image/0118.md
2025-02-11 03:00:31,648 - INFO - 已写入漫画信息到 /home/runner/work/Python-XKCD/Python-XKCD/image/0119.md
2025-02-11 03:00:32,099 - INFO - 已写入漫画信息到 /home/runner/work/Python-XKCD/Python-XKCD/image/0120.md
2025-02-11 03:00:32,786 - INFO - 已写入漫画信息到 /home/runner/work/Python-XKCD/Python-XKCD/image/0121.md
2025-02-11 03:00:33,190 - INFO - 已写入漫画信息到 /home/runner/work/Python-XKCD/Python-XKCD/image/0122.md
2025-02-11 03:00:33,657 - INFO - 已写入漫画信息到 /home/runner/work/Python-XKCD/Python-XKCD/image/0123.md
2025-02-11 03:00:34,345 - INFO - 已写入漫画信息到 /home/runner/work/Python-XKCD/Python-XKCD/image/0124.md
2025-02-11 03:00:34,812 - INFO - 已写入漫画信息到 /home/runner/work/Python-XKCD/Python-XKCD/image/0125.md
2025-02-11 03:00:35,497 - INFO - 已写入漫画信息到 /home/runner/work/Python-XKCD/Python-XKCD/image/0126.md
2025-02-11 03:00:35,941 - INFO - 已写入漫画信息到 /home/runner/work/Python-XKCD/Python-XKCD/image/0127.md
2025-02-11 03:00:36,398 - INFO - 已写入漫画信息到 /home/runner/work/Python-XKCD/Python-XKCD/image/0128.md
2025-02-11 03:00:36,649 - INFO - 已移动: 0097.md 到 /home/runner/work/Python-XKCD/Python-XKCD/image/0001-1000/0001-0100/0091-0100
2025-02-11 03:00:36,649 - INFO - 已移动: 0098.md 到 /home/runner/work/Python-XKCD/Python-XKCD/image/0001-1000/0001-0100/0091-0100
2025-02-11 03:00:36,649 - INFO - 已移动: 0099.md 到 /home/runner/work/Python-XKCD/Python-XKCD/image/0001-1000/0001-0100/0091-0100
2025-02-11 03:00:36,649 - INFO - 已移动: 0100.md 到 /home/runner/work/Python-XKCD/Python-XKCD/image/0001-1000/0001-0100/0091-0100
2025-02-11 03:00:36,650 - INFO - 已移动: 0101.md 到 /home/runner/work/Python-XKCD/Python-XKCD/image/0001-1000/0101-0200/0101-0110
2025-02-11 03:00:36,650 - INFO - 已移动: 0102.md 到 /home/runner/work/Python-XKCD/Python-XKCD/image/0001-1000/0101-0200/0101-0110
2025-02-11 03:00:36,650 - INFO - 已移动: 0103.md 到 /home/runner/work/Python-XKCD/Python-XKCD/image/0001-1000/0101-0200/0101-0110
2025-02-11 03:00:36,650 - INFO - 已移动: 0104.md 到 /home/runner/work/Python-XKCD/Python-XKCD/image/0001-1000/0101-0200/0101-0110
2025-02-11 03:00:36,650 - INFO - 已移动: 0105.md 到 /home/runner/work/Python-XKCD/Python-XKCD/image/0001-1000/0101-0200/0101-0110
2025-02-11 03:00:36,651 - INFO - 已移动: 0106.md 到 /home/runner/work/Python-XKCD/Python-XKCD/image/0001-1000/0101-0200/0101-0110
2025-02-11 03:00:36,651 - INFO - 已移动: 0107.md 到 /home/runner/work/Python-XKCD/Python-XKCD/image/0001-1000/0101-0200/0101-0110
2025-02-11 03:00:36,651 - INFO - 已移动: 0108.md 到 /home/runner/work/Python-XKCD/Python-XKCD/image/0001-1000/0101-0200/0101-0110
2025-02-11 03:00:36,651 - INFO - 已移动: 0109.md 到 /home/runner/work/Python-XKCD/Python-XKCD/image/0001-1000/0101-0200/0101-0110
2025-02-11 03:00:36,651 - INFO - 已移动: 0110.md 到 /home/runner/work/Python-XKCD/Python-XKCD/image/0001-1000/0101-0200/0101-0110
2025-02-11 03:00:36,651 - INFO - 已移动: 0111.md 到 /home/runner/work/Python-XKCD/Python-XKCD/image/0001-1000/0101-0200/0111-0120
2025-02-11 03:00:36,652 - INFO - 已移动: 0112.md 到 /home/runner/work/Python-XKCD/Python-XKCD/image/0001-1000/0101-0200/0111-0120
2025-02-11 03:00:36,652 - INFO - 已移动: 0113.md 到 /home/runner/work/Python-XKCD/Python-XKCD/image/0001-1000/0101-0200/0111-0120
2025-02-11 03:00:36,652 - INFO - 已移动: 0114.md 到 /home/runner/work/Python-XKCD/Python-XKCD/image/0001-1000/0101-0200/0111-0120
2025-02-11 03:00:36,652 - INFO - 已移动: 0115.md 到 /home/runner/work/Python-XKCD/Python-XKCD/image/0001-1000/0101-0200/0111-0120
2025-02-11 03:00:36,652 - INFO - 已移动: 0116.md 到 /home/runner/work/Python-XKCD/Python-XKCD/image/0001-1000/0101-0200/0111-0120
2025-02-11 03:00:36,652 - INFO - 已移动: 0117.md 到 /home/runner/work/Python-XKCD/Python-XKCD/image/0001-1000/0101-0200/0111-0120
2025-02-11 03:00:36,653 - INFO - 已移动: 0118.md 到 /home/runner/work/Python-XKCD/Python-XKCD/image/0001-1000/0101-0200/0111-0120
2025-02-11 03:00:36,653 - INFO - 已移动: 0119.md 到 /home/runner/work/Python-XKCD/Python-XKCD/image/0001-1000/0101-0200/0111-0120
2025-02-11 03:00:36,653 - INFO - 已移动: 0120.md 到 /home/runner/work/Python-XKCD/Python-XKCD/image/0001-1000/0101-0200/0111-0120
2025-02-11 03:00:36,653 - INFO - 已移动: 0121.md 到 /home/runner/work/Python-XKCD/Python-XKCD/image/0001-1000/0101-0200/0121-0130
2025-02-11 03:00:36,653 - INFO - 已移动: 0122.md 到 /home/runner/work/Python-XKCD/Python-XKCD/image/0001-1000/0101-0200/0121-0130
2025-02-11 03:00:36,653 - INFO - 已移动: 0123.md 到 /home/runner/work/Python-XKCD/Python-XKCD/image/0001-1000/0101-0200/0121-0130
2025-02-11 03:00:36,654 - INFO - 已移动: 0124.md 到 /home/runner/work/Python-XKCD/Python-XKCD/image/0001-1000/0101-0200/0121-0130
2025-02-11 03:00:36,654 - INFO - 已移动: 0125.md 到 /home/runner/work/Python-XKCD/Python-XKCD/image/0001-1000/0101-0200/0121-0130
2025-02-11 03:00:36,654 - INFO - 已移动: 0126.md 到 /home/runner/work/Python-XKCD/Python-XKCD/image/0001-1000/0101-0200/0121-0130
2025-02-11 03:00:36,654 - INFO - 已移动: 0127.md 到 /home/runner/work/Python-XKCD/Python-XKCD/image/0001-1000/0101-0200/0121-0130
2025-02-11 03:00:36,654 - INFO - 已移动: 0128.md 到 /home/runner/work/Python-XKCD/Python-XKCD/image/0001-1000/0101-0200/0121-0130
2025-02-11 03:00:36,654 - INFO - 已生成 README.md
2025-02-11 08:26:44,871 - INFO - 最新的编号是: 128
2025-02-11 08:26:45,193 - INFO - 已写入漫画信息到 /home/runner/work/Python-XKCD/Python-XKCD/image/0129.md
2025-02-11 08:26:45,906 - INFO - 已写入漫画信息到 /home/runner/work/Python-XKCD/Python-XKCD/image/0130.md
2025-02-11 08:26:46,318 - INFO - 已写入漫画信息到 /home/runner/work/Python-XKCD/Python-XKCD/image/0131.md
2025-02-11 08:26:47,035 - INFO - 已写入漫画信息到 /home/runner/work/Python-XKCD/Python-XKCD/image/0132.md
2025-02-11 08:26:47,750 - INFO - 已写入漫画信息到 /home/runner/work/Python-XKCD/Python-XKCD/image/0133.md
2025-02-11 08:26:48,162 - INFO - 已写入漫画信息到 /home/runner/work/Python-XKCD/Python-XKCD/image/0134.md
2025-02-11 08:26:48,613 - INFO - 已写入漫画信息到 /home/runner/work/Python-XKCD/Python-XKCD/image/0135.md
2025-02-11 08:26:49,042 - INFO - 已写入漫画信息到 /home/runner/work/Python-XKCD/Python-XKCD/image/0136.md
2025-02-11 08:26:49,468 - INFO - 已写入漫画信息到 /home/runner/work/Python-XKCD/Python-XKCD/image/0137.md
2025-02-11 08:26:50,186 - INFO - 已写入漫画信息到 /home/runner/work/Python-XKCD/Python-XKCD/image/0138.md
2025-02-11 08:26:50,616 - INFO - 已写入漫画信息到 /home/runner/work/Python-XKCD/Python-XKCD/image/0139.md
2025-02-11 08:26:51,327 - INFO - 已写入漫画信息到 /home/runner/work/Python-XKCD/Python-XKCD/image/0140.md
2025-02-11 08:26:51,756 - INFO - 已写入漫画信息到 /home/runner/work/Python-XKCD/Python-XKCD/image/0141.md
2025-02-11 08:26:52,185 - INFO - 已写入漫画信息到 /home/runner/work/Python-XKCD/Python-XKCD/image/0142.md
2025-02-11 08:26:52,897 - INFO - 已写入漫画信息到 /home/runner/work/Python-XKCD/Python-XKCD/image/0143.md
2025-02-11 08:26:53,615 - INFO - 已写入漫画信息到 /home/runner/work/Python-XKCD/Python-XKCD/image/0144.md
2025-02-11 08:26:54,043 - INFO - 已写入漫画信息到 /home/runner/work/Python-XKCD/Python-XKCD/image/0145.md
2025-02-11 08:26:54,494 - INFO - 已写入漫画信息到 /home/runner/work/Python-XKCD/Python-XKCD/image/0146.md
2025-02-11 08:26:55,009 - INFO - 已写入漫画信息到 /home/runner/work/Python-XKCD/Python-XKCD/image/0147.md
2025-02-11 08:26:55,421 - INFO - 已写入漫画信息到 /home/runner/work/Python-XKCD/Python-XKCD/image/0148.md
2025-02-11 08:26:56,135 - INFO - 已写入漫画信息到 /home/runner/work/Python-XKCD/Python-XKCD/image/0149.md
2025-02-11 08:26:57,003 - INFO - 已写入漫画信息到 /home/runner/work/Python-XKCD/Python-XKCD/image/0150.md
2025-02-11 08:26:57,431 - INFO - 已写入漫画信息到 /home/runner/work/Python-XKCD/Python-XKCD/image/0151.md
2025-02-11 08:26:58,143 - INFO - 已写入漫画信息到 /home/runner/work/Python-XKCD/Python-XKCD/image/0152.md
2025-02-11 08:26:58,460 - INFO - 已写入漫画信息到 /home/runner/work/Python-XKCD/Python-XKCD/image/0153.md
2025-02-11 08:26:58,889 - INFO - 已写入漫画信息到 /home/runner/work/Python-XKCD/Python-XKCD/image/0154.md
2025-02-11 08:26:59,341 - INFO - 已写入漫画信息到 /home/runner/work/Python-XKCD/Python-XKCD/image/0155.md
2025-02-11 08:26:59,752 - INFO - 已写入漫画信息到 /home/runner/work/Python-XKCD/Python-XKCD/image/0156.md
2025-02-11 08:27:00,465 - INFO - 已写入漫画信息到 /home/runner/work/Python-XKCD/Python-XKCD/image/0157.md
2025-02-11 08:27:00,893 - INFO - 已写入漫画信息到 /home/runner/work/Python-XKCD/Python-XKCD/image/0158.md
2025-02-11 08:27:01,344 - INFO - 已写入漫画信息到 /home/runner/work/Python-XKCD/Python-XKCD/image/0159.md
2025-02-11 08:27:02,056 - INFO - 已写入漫画信息到 /home/runner/work/Python-XKCD/Python-XKCD/image/0160.md
2025-02-11 08:27:02,307 - INFO - 已移动: 0129.md 到 /home/runner/work/Python-XKCD/Python-XKCD/image/0001-1000/0101-0200/0121-0130
2025-02-11 08:27:02,307 - INFO - 已移动: 0130.md 到 /home/runner/work/Python-XKCD/Python-XKCD/image/0001-1000/0101-0200/0121-0130
2025-02-11 08:27:02,307 - INFO - 已移动: 0131.md 到 /home/runner/work/Python-XKCD/Python-XKCD/image/0001-1000/0101-0200/0131-0140
2025-02-11 08:27:02,308 - INFO - 已移动: 0132.md 到 /home/runner/work/Python-XKCD/Python-XKCD/image/0001-1000/0101-0200/0131-0140
2025-02-11 08:27:02,308 - INFO - 已移动: 0133.md 到 /home/runner/work/Python-XKCD/Python-XKCD/image/0001-1000/0101-0200/0131-0140
2025-02-11 08:27:02,308 - INFO - 已移动: 0134.md 到 /home/runner/work/Python-XKCD/Python-XKCD/image/0001-1000/0101-0200/0131-0140
2025-02-11 08:27:02,308 - INFO - 已移动: 0135.md 到 /home/runner/work/Python-XKCD/Python-XKCD/image/0001-1000/0101-0200/0131-0140
2025-02-11 08:27:02,308 - INFO - 已移动: 0136.md 到 /home/runner/work/Python-XKCD/Python-XKCD/image/0001-1000/0101-0200/0131-0140
2025-02-11 08:27:02,309 - INFO - 已移动: 0137.md 到 /home/runner/work/Python-XKCD/Python-XKCD/image/0001-1000/0101-0200/0131-0140
2025-02-11 08:27:02,309 - INFO - 已移动: 0138.md 到 /home/runner/work/Python-XKCD/Python-XKCD/image/0001-1000/0101-0200/0131-0140
2025-02-11 08:27:02,309 - INFO - 已移动: 0139.md 到 /home/runner/work/Python-XKCD/Python-XKCD/image/0001-1000/0101-0200/0131-0140
2025-02-11 08:27:02,309 - INFO - 已移动: 0140.md 到 /home/runner/work/Python-XKCD/Python-XKCD/image/0001-1000/0101-0200/0131-0140
2025-02-11 08:27:02,309 - INFO - 已移动: 0141.md 到 /home/runner/work/Python-XKCD/Python-XKCD/image/0001-1000/0101-0200/0141-0150
2025-02-11 08:27:02,309 - INFO - 已移动: 0142.md 到 /home/runner/work/Python-XKCD/Python-XKCD/image/0001-1000/0101-0200/0141-0150
2025-02-11 08:27:02,310 - INFO - 已移动: 0143.md 到 /home/runner/work/Python-XKCD/Python-XKCD/image/0001-1000/0101-0200/0141-0150
2025-02-11 08:27:02,310 - INFO - 已移动: 0144.md 到 /home/runner/work/Python-XKCD/Python-XKCD/image/0001-1000/0101-0200/0141-0150
2025-02-11 08:27:02,310 - INFO - 已移动: 0145.md 到 /home/runner/work/Python-XKCD/Python-XKCD/image/0001-1000/0101-0200/0141-0150
2025-02-11 08:27:02,310 - INFO - 已移动: 0146.md 到 /home/runner/work/Python-XKCD/Python-XKCD/image/0001-1000/0101-0200/0141-0150
2025-02-11 08:27:02,310 - INFO - 已移动: 0147.md 到 /home/runner/work/Python-XKCD/Python-XKCD/image/0001-1000/0101-0200/0141-0150
2025-02-11 08:27:02,311 - INFO - 已移动: 0148.md 到 /home/runner/work/Python-XKCD/Python-XKCD/image/0001-1000/0101-0200/0141-0150
2025-02-11 08:27:02,311 - INFO - 已移动: 0149.md 到 /home/runner/work/Python-XKCD/Python-XKCD/image/0001-1000/0101-0200/0141-0150
2025-02-11 08:27:02,311 - INFO - 已移动: 0150.md 到 /home/runner/work/Python-XKCD/Python-XKCD/image/0001-1000/0101-0200/0141-0150
2025-02-11 08:27:02,311 - INFO - 已移动: 0151.md 到 /home/runner/work/Python-XKCD/Python-XKCD/image/0001-1000/0101-0200/0151-0160
2025-02-11 08:27:02,311 - INFO - 已移动: 0152.md 到 /home/runner/work/Python-XKCD/Python-XKCD/image/0001-1000/0101-0200/0151-0160
2025-02-11 08:27:02,312 - INFO - 已移动: 0153.md 到 /home/runner/work/Python-XKCD/Python-XKCD/image/0001-1000/0101-0200/0151-0160
2025-02-11 08:27:02,312 - INFO - 已移动: 0154.md 到 /home/runner/work/Python-XKCD/Python-XKCD/image/0001-1000/0101-0200/0151-0160
2025-02-11 08:27:02,312 - INFO - 已移动: 0155.md 到 /home/runner/work/Python-XKCD/Python-XKCD/image/0001-1000/0101-0200/0151-0160
2025-02-11 08:27:02,312 - INFO - 已移动: 0156.md 到 /home/runner/work/Python-XKCD/Python-XKCD/image/0001-1000/0101-0200/0151-0160
2025-02-11 08:27:02,312 - INFO - 已移动: 0157.md 到 /home/runner/work/Python-XKCD/Python-XKCD/image/0001-1000/0101-0200/0151-0160
2025-02-11 08:27:02,312 - INFO - 已移动: 0158.md 到 /home/runner/work/Python-XKCD/Python-XKCD/image/0001-1000/0101-0200/0151-0160
2025-02-11 08:27:02,313 - INFO - 已移动: 0159.md 到 /home/runner/work/Python-XKCD/Python-XKCD/image/0001-1000/0101-0200/0151-0160
2025-02-11 08:27:02,313 - INFO - 已移动: 0160.md 到 /home/runner/work/Python-XKCD/Python-XKCD/image/0001-1000/0101-0200/0151-0160
2025-02-11 08:27:02,313 - INFO - 已生成 README.md
2025-02-11 16:28:04,044 - INFO - 最新的编号是: 160
2025-02-11 16:28:04,572 - INFO - 已写入漫画信息到 /home/runner/work/Python-XKCD/Python-XKCD/image/0161.md
2025-02-11 16:28:04,890 - INFO - 已写入漫画信息到 /home/runner/work/Python-XKCD/Python-XKCD/image/0162.md
2025-02-11 16:28:05,320 - INFO - 已写入漫画信息到 /home/runner/work/Python-XKCD/Python-XKCD/image/0163.md
2025-02-11 16:28:06,019 - INFO - 已写入漫画信息到 /home/runner/work/Python-XKCD/Python-XKCD/image/0164.md
2025-02-11 16:28:06,504 - INFO - 已写入漫画信息到 /home/runner/work/Python-XKCD/Python-XKCD/image/0165.md
2025-02-11 16:28:06,936 - INFO - 已写入漫画信息到 /home/runner/work/Python-XKCD/Python-XKCD/image/0166.md
2025-02-11 16:28:07,364 - INFO - 已写入漫画信息到 /home/runner/work/Python-XKCD/Python-XKCD/image/0167.md
2025-02-11 16:28:07,766 - INFO - 已写入漫画信息到 /home/runner/work/Python-XKCD/Python-XKCD/image/0168.md
2025-02-11 16:28:08,196 - INFO - 已写入漫画信息到 /home/runner/work/Python-XKCD/Python-XKCD/image/0169.md
2025-02-11 16:28:08,883 - INFO - 已写入漫画信息到 /home/runner/work/Python-XKCD/Python-XKCD/image/0170.md
2025-02-11 16:28:09,315 - INFO - 已写入漫画信息到 /home/runner/work/Python-XKCD/Python-XKCD/image/0171.md
2025-02-11 16:28:10,068 - INFO - 已写入漫画信息到 /home/runner/work/Python-XKCD/Python-XKCD/image/0172.md
2025-02-11 16:28:10,900 - INFO - 已写入漫画信息到 /home/runner/work/Python-XKCD/Python-XKCD/image/0173.md
2025-02-11 16:28:11,218 - INFO - 已写入漫画信息到 /home/runner/work/Python-XKCD/Python-XKCD/image/0174.md
2025-02-11 16:28:11,647 - INFO - 已写入漫画信息到 /home/runner/work/Python-XKCD/Python-XKCD/image/0175.md
2025-02-11 16:28:11,965 - INFO - 已写入漫画信息到 /home/runner/work/Python-XKCD/Python-XKCD/image/0176.md
2025-02-11 16:28:12,668 - INFO - 已写入漫画信息到 /home/runner/work/Python-XKCD/Python-XKCD/image/0177.md
2025-02-11 16:28:13,375 - INFO - 已写入漫画信息到 /home/runner/work/Python-XKCD/Python-XKCD/image/0178.md
2025-02-11 16:28:13,804 - INFO - 已写入漫画信息到 /home/runner/work/Python-XKCD/Python-XKCD/image/0179.md
2025-02-11 16:28:14,208 - INFO - 已写入漫画信息到 /home/runner/work/Python-XKCD/Python-XKCD/image/0180.md
2025-02-11 16:28:14,526 - INFO - 已写入漫画信息到 /home/runner/work/Python-XKCD/Python-XKCD/image/0181.md
2025-02-11 16:28:14,956 - INFO - 已写入漫画信息到 /home/runner/work/Python-XKCD/Python-XKCD/image/0182.md
2025-02-11 16:28:15,387 - INFO - 已写入漫画信息到 /home/runner/work/Python-XKCD/Python-XKCD/image/0183.md
2025-02-11 16:28:15,705 - INFO - 已写入漫画信息到 /home/runner/work/Python-XKCD/Python-XKCD/image/0184.md
2025-02-11 16:28:16,392 - INFO - 已写入漫画信息到 /home/runner/work/Python-XKCD/Python-XKCD/image/0185.md
2025-02-11 16:28:16,823 - INFO - 已写入漫画信息到 /home/runner/work/Python-XKCD/Python-XKCD/image/0186.md
2025-02-11 16:28:17,510 - INFO - 已写入漫画信息到 /home/runner/work/Python-XKCD/Python-XKCD/image/0187.md
2025-02-11 16:28:18,195 - INFO - 已写入漫画信息到 /home/runner/work/Python-XKCD/Python-XKCD/image/0188.md
2025-02-11 16:28:18,512 - INFO - 已写入漫画信息到 /home/runner/work/Python-XKCD/Python-XKCD/image/0189.md
2025-02-11 16:28:19,002 - INFO - 已写入漫画信息到 /home/runner/work/Python-XKCD/Python-XKCD/image/0190.md
2025-02-11 16:28:19,690 - INFO - 已写入漫画信息到 /home/runner/work/Python-XKCD/Python-XKCD/image/0191.md
2025-02-11 16:28:20,007 - INFO - 已写入漫画信息到 /home/runner/work/Python-XKCD/Python-XKCD/image/0192.md
2025-02-11 16:28:20,258 - INFO - 已移动: 0161.md 到 /home/runner/work/Python-XKCD/Python-XKCD/image/0001-1000/0101-0200/0161-0170
2025-02-11 16:28:20,259 - INFO - 已移动: 0162.md 到 /home/runner/work/Python-XKCD/Python-XKCD/image/0001-1000/0101-0200/0161-0170
2025-02-11 16:28:20,259 - INFO - 已移动: 0163.md 到 /home/runner/work/Python-XKCD/Python-XKCD/image/0001-1000/0101-0200/0161-0170
2025-02-11 16:28:20,259 - INFO - 已移动: 0164.md 到 /home/runner/work/Python-XKCD/Python-XKCD/image/0001-1000/0101-0200/0161-0170
2025-02-11 16:28:20,259 - INFO - 已移动: 0165.md 到 /home/runner/work/Python-XKCD/Python-XKCD/image/0001-1000/0101-0200/0161-0170
2025-02-11 16:28:20,260 - INFO - 已移动: 0166.md 到 /home/runner/work/Python-XKCD/Python-XKCD/image/0001-1000/0101-0200/0161-0170
2025-02-11 16:28:20,260 - INFO - 已移动: 0167.md 到 /home/runner/work/Python-XKCD/Python-XKCD/image/0001-1000/0101-0200/0161-0170
2025-02-11 16:28:20,260 - INFO - 已移动: 0168.md 到 /home/runner/work/Python-XKCD/Python-XKCD/image/0001-1000/0101-0200/0161-0170
2025-02-11 16:28:20,260 - INFO - 已移动: 0169.md 到 /home/runner/work/Python-XKCD/Python-XKCD/image/0001-1000/0101-0200/0161-0170
2025-02-11 16:28:20,260 - INFO - 已移动: 0170.md 到 /home/runner/work/Python-XKCD/Python-XKCD/image/0001-1000/0101-0200/0161-0170
2025-02-11 16:28:20,260 - INFO - 已移动: 0171.md 到 /home/runner/work/Python-XKCD/Python-XKCD/image/0001-1000/0101-0200/0171-0180
2025-02-11 16:28:20,261 - INFO - 已移动: 0172.md 到 /home/runner/work/Python-XKCD/Python-XKCD/image/0001-1000/0101-0200/0171-0180
2025-02-11 16:28:20,261 - INFO - 已移动: 0173.md 到 /home/runner/work/Python-XKCD/Python-XKCD/image/0001-1000/0101-0200/0171-0180
2025-02-11 16:28:20,261 - INFO - 已移动: 0174.md 到 /home/runner/work/Python-XKCD/Python-XKCD/image/0001-1000/0101-0200/0171-0180
2025-02-11 16:28:20,261 - INFO - 已移动: 0175.md 到 /home/runner/work/Python-XKCD/Python-XKCD/image/0001-1000/0101-0200/0171-0180
2025-02-11 16:28:20,261 - INFO - 已移动: 0176.md 到 /home/runner/work/Python-XKCD/Python-XKCD/image/0001-1000/0101-0200/0171-0180
2025-02-11 16:28:20,261 - INFO - 已移动: 0177.md 到 /home/runner/work/Python-XKCD/Python-XKCD/image/0001-1000/0101-0200/0171-0180
2025-02-11 16:28:20,262 - INFO - 已移动: 0178.md 到 /home/runner/work/Python-XKCD/Python-XKCD/image/0001-1000/0101-0200/0171-0180
2025-02-11 16:28:20,262 - INFO - 已移动: 0179.md 到 /home/runner/work/Python-XKCD/Python-XKCD/image/0001-1000/0101-0200/0171-0180
2025-02-11 16:28:20,262 - INFO - 已移动: 0180.md 到 /home/runner/work/Python-XKCD/Python-XKCD/image/0001-1000/0101-0200/0171-0180
2025-02-11 16:28:20,262 - INFO - 已移动: 0181.md 到 /home/runner/work/Python-XKCD/Python-XKCD/image/0001-1000/0101-0200/0181-0190
2025-02-11 16:28:20,262 - INFO - 已移动: 0182.md 到 /home/runner/work/Python-XKCD/Python-XKCD/image/0001-1000/0101-0200/0181-0190
2025-02-11 16:28:20,262 - INFO - 已移动: 0183.md 到 /home/runner/work/Python-XKCD/Python-XKCD/image/0001-1000/0101-0200/0181-0190
2025-02-11 16:28:20,263 - INFO - 已移动: 0184.md 到 /home/runner/work/Python-XKCD/Python-XKCD/image/0001-1000/0101-0200/0181-0190
2025-02-11 16:28:20,263 - INFO - 已移动: 0185.md 到 /home/runner/work/Python-XKCD/Python-XKCD/image/0001-1000/0101-0200/0181-0190
2025-02-11 16:28:20,263 - INFO - 已移动: 0186.md 到 /home/runner/work/Python-XKCD/Python-XKCD/image/0001-1000/0101-0200/0181-0190
2025-02-11 16:28:20,263 - INFO - 已移动: 0187.md 到 /home/runner/work/Python-XKCD/Python-XKCD/image/0001-1000/0101-0200/0181-0190
2025-02-11 16:28:20,263 - INFO - 已移动: 0188.md 到 /home/runner/work/Python-XKCD/Python-XKCD/image/0001-1000/0101-0200/0181-0190
2025-02-11 16:28:20,263 - INFO - 已移动: 0189.md 到 /home/runner/work/Python-XKCD/Python-XKCD/image/0001-1000/0101-0200/0181-0190
2025-02-11 16:28:20,263 - INFO - 已移动: 0190.md 到 /home/runner/work/Python-XKCD/Python-XKCD/image/0001-1000/0101-0200/0181-0190
2025-02-11 16:28:20,264 - INFO - 已移动: 0191.md 到 /home/runner/work/Python-XKCD/Python-XKCD/image/0001-1000/0101-0200/0191-0200
2025-02-11 16:28:20,264 - INFO - 已移动: 0192.md 到 /home/runner/work/Python-XKCD/Python-XKCD/image/0001-1000/0101-0200/0191-0200
2025-02-11 16:28:20,264 - INFO - 已生成 README.md
